<?xml version="1.0" encoding="UTF-8"?>
<!-- Generated by org.testng.reporters.JUnitReportReporter -->
<testsuite hostname="DESKTOP-EVNKM3L" failures="0" tests="1" name="MavenExample.CreateUser" time="0.006" errors="0" timestamp="09 May 2022 09:06:03 GMT" skipped="0">
  <testcase classname="MavenExample.CreateUser" name="createUser" time="0.006"/>
</testsuite> <!-- MavenExample.CreateUser -->
