<?xml version="1.0" encoding="UTF-8"?>
<!-- Generated by org.testng.reporters.JUnitReportReporter -->
<testsuite hostname="DESKTOP-EVNKM3L" failures="0" tests="2" name="MavenExample.ReadingDataFromCommandLineTest" time="0.007" errors="0" timestamp="2022-05-09T17:12:37 IST" skipped="0">
  <testcase classname="MavenExample.ReadingDataFromCommandLineTest" name="readingDataFromCommandLineTest" time="0.006"/>
  <system-out/>
  <testcase classname="MavenExample.ReadingDataFromCommandLineTest" name="regressionTest" time="0.001"/>
  <system-out/>
</testsuite> <!-- MavenExample.ReadingDataFromCommandLineTest -->
